[0527/002037.797:ERROR:process_memory_win.cc(73)] ReadMemory at 0x2805b76ec10 of 72 bytes failed: Only part of a ReadProcessMemory or WriteProcessMemory request was completed. (0x12B)
[0527/002038.016:WARNING:pe_image_annotations_reader.cc(134)] could not read annotations list object in C:\Program Files (x86)\Google\Chrome\Application\81.0.4044.138\chrome_elf.dll
[0527/002038.016:ERROR:process_memory_win.cc(73)] ReadMemory at 0x7ffd20870000 of 64 bytes failed: Only part of a ReadProcessMemory or WriteProcessMemory request was completed. (0x12B)
[0527/002038.016:WARNING:pe_image_reader.cc(340)] could not read dos header from C:\WINDOWS\SYSTEM32\VERSION.dll
[0527/002038.016:ERROR:process_memory_win.cc(73)] ReadMemory at 0x7ffd2efa0000 of 64 bytes failed: Only part of a ReadProcessMemory or WriteProcessMemory request was completed. (0x12B)
[0527/002038.018:WARNING:pe_image_reader.cc(340)] could not read dos header from C:\WINDOWS\System32\msvcrt.dll
[0527/002038.018:ERROR:process_memory_win.cc(73)] ReadMemory at 0x7ffd2d490000 of 64 bytes failed: Only part of a ReadProcessMemory or WriteProcessMemory request was completed. (0x12B)
[0527/002038.018:WARNING:pe_image_reader.cc(340)] could not read dos header from C:\WINDOWS\System32\bcryptPrimitives.dll
[0527/002038.018:ERROR:process_memory_win.cc(73)] ReadMemory at 0x7ffd303b0000 of 64 bytes failed: Only part of a ReadProcessMemory or WriteProcessMemory request was completed. (0x12B)
[0527/002038.018:WARNING:pe_image_reader.cc(340)] could not read dos header from C:\WINDOWS\System32\ADVAPI32.dll
[0527/002038.018:ERROR:process_memory_win.cc(73)] ReadMemory at 0x7ffd2ff20000 of 64 bytes failed: Only part of a ReadProcessMemory or WriteProcessMemory request was completed. (0x12B)
[0527/002038.018:WARNING:pe_image_reader.cc(340)] could not read dos header from C:\WINDOWS\System32\sechost.dll
[0527/002038.018:ERROR:process_memory_win.cc(73)] ReadMemory at 0x7ffd2ee80000 of 64 bytes failed: Only part of a ReadProcessMemory or WriteProcessMemory request was completed. (0x12B)
[0527/002038.018:WARNING:pe_image_reader.cc(340)] could not read dos header from C:\WINDOWS\System32\RPCRT4.dll
[0527/002038.018:ERROR:process_memory_win.cc(73)] ReadMemory at 0x7ffce6dd0000 of 64 bytes failed: Only part of a ReadProcessMemory or WriteProcessMemory request was completed. (0x12B)
[0527/002038.018:WARNING:pe_image_reader.cc(340)] could not read dos header from C:\Program Files (x86)\Google\Chrome\Application\81.0.4044.138\chrome.dll
[0527/002038.018:ERROR:process_memory_win.cc(73)] ReadMemory at 0x7ffd2f200000 of 64 bytes failed: Only part of a ReadProcessMemory or WriteProcessMemory request was completed. (0x12B)
[0527/002038.018:WARNING:pe_image_reader.cc(340)] could not read dos header from C:\WINDOWS\System32\WS2_32.dll
[0527/002038.018:ERROR:process_memory_win.cc(73)] ReadMemory at 0x7ffd2e5f0000 of 64 bytes failed: Only part of a ReadProcessMemory or WriteProcessMemory request was completed. (0x12B)
[0527/002038.018:WARNING:pe_image_reader.cc(340)] could not read dos header from C:\WINDOWS\System32\OLEAUT32.dll
[0527/002038.018:ERROR:process_memory_win.cc(73)] ReadMemory at 0x7ffd2dab0000 of 64 bytes failed: Only part of a ReadProcessMemory or WriteProcessMemory request was completed. (0x12B)
[0527/002038.018:WARNING:pe_image_reader.cc(340)] could not read dos header from C:\WINDOWS\System32\msvcp_win.dll
[0527/002038.018:ERROR:process_memory_win.cc(73)] ReadMemory at 0x7ffd2db50000 of 64 bytes failed: Only part of a ReadProcessMemory or WriteProcessMemory request was completed. (0x12B)
[0527/002038.018:WARNING:pe_image_reader.cc(340)] could not read dos header from C:\WINDOWS\System32\ucrtbase.dll
[0527/002038.018:ERROR:process_memory_win.cc(73)] ReadMemory at 0x7ffd2f900000 of 64 bytes failed: Only part of a ReadProcessMemory or WriteProcessMemory request was completed. (0x12B)
[0527/002038.018:WARNING:pe_image_reader.cc(340)] could not read dos header from C:\WINDOWS\System32\combase.dll
[0527/002038.018:ERROR:process_memory_win.cc(73)] ReadMemory at 0x7ffd2d430000 of 64 bytes failed: Only part of a ReadProcessMemory or WriteProcessMemory request was completed. (0x12B)
[0527/002038.018:WARNING:pe_image_reader.cc(340)] could not read dos header from C:\WINDOWS\System32\WINTRUST.dll
[0527/002038.018:ERROR:process_memory_win.cc(73)] ReadMemory at 0x7ffd2d370000 of 64 bytes failed: Only part of a ReadProcessMemory or WriteProcessMemory request was completed. (0x12B)
[0527/002038.018:WARNING:pe_image_reader.cc(340)] could not read dos header from C:\WINDOWS\System32\MSASN1.dll
[0527/002038.018:ERROR:process_memory_win.cc(73)] ReadMemory at 0x7ffd2d6b0000 of 64 bytes failed: Only part of a ReadProcessMemory or WriteProcessMemory request was completed. (0x12B)
[0527/002038.018:WARNING:pe_image_reader.cc(340)] could not read dos header from C:\WINDOWS\System32\CRYPT32.dll
[0527/002038.018:ERROR:process_memory_win.cc(73)] ReadMemory at 0x7ffd2c8e0000 of 64 bytes failed: Only part of a ReadProcessMemory or WriteProcessMemory request was completed. (0x12B)
[0527/002038.018:WARNING:pe_image_reader.cc(340)] could not read dos header from C:\WINDOWS\SYSTEM32\IPHLPAPI.DLL
[0527/002038.018:ERROR:process_memory_win.cc(73)] ReadMemory at 0x7ffd292d0000 of 64 bytes failed: Only part of a ReadProcessMemory or WriteProcessMemory request was completed. (0x12B)
[0527/002038.018:WARNING:pe_image_reader.cc(340)] could not read dos header from C:\WINDOWS\SYSTEM32\WINMM.dll
[0527/002038.018:ERROR:process_memory_win.cc(73)] ReadMemory at 0x7ffd1b5c0000 of 64 bytes failed: Only part of a ReadProcessMemory or WriteProcessMemory request was completed. (0x12B)
[0527/002038.018:WARNING:pe_image_reader.cc(340)] could not read dos header from C:\WINDOWS\SYSTEM32\Secur32.dll
[0527/002038.018:ERROR:process_memory_win.cc(73)] ReadMemory at 0x7ffd2d280000 of 64 bytes failed: Only part of a ReadProcessMemory or WriteProcessMemory request was completed. (0x12B)
[0527/002038.018:WARNING:pe_image_reader.cc(340)] could not read dos header from C:\WINDOWS\SYSTEM32\USERENV.dll
[0527/002038.018:ERROR:process_memory_win.cc(73)] ReadMemory at 0x7ffd2d3b0000 of 64 bytes failed: Only part of a ReadProcessMemory or WriteProcessMemory request was completed. (0x12B)
[0527/002038.018:WARNING:pe_image_reader.cc(340)] could not read dos header from C:\WINDOWS\System32\profapi.dll
[0527/002038.018:ERROR:process_memory_win.cc(73)] ReadMemory at 0x7ffd0b900000 of 64 bytes failed: Only part of a ReadProcessMemory or WriteProcessMemory request was completed. (0x12B)
[0527/002038.018:WARNING:pe_image_reader.cc(340)] could not read dos header from C:\WINDOWS\SYSTEM32\UIAutomationCore.DLL
[0527/002038.018:ERROR:process_memory_win.cc(73)] ReadMemory at 0x7ffd1a4c0000 of 64 bytes failed: Only part of a ReadProcessMemory or WriteProcessMemory request was completed. (0x12B)
[0527/002038.018:WARNING:pe_image_reader.cc(340)] could not read dos header from C:\WINDOWS\SYSTEM32\DWrite.dll
[0527/002038.018:ERROR:process_memory_win.cc(73)] ReadMemory at 0x7ffd1eba0000 of 64 bytes failed: Only part of a ReadProcessMemory or WriteProcessMemory request was completed. (0x12B)
[0527/002038.018:WARNING:pe_image_reader.cc(340)] could not read dos header from C:\WINDOWS\SYSTEM32\WINSPOOL.DRV
[0527/002038.018:ERROR:process_memory_win.cc(73)] ReadMemory at 0x7ffd2d390000 of 64 bytes failed: Only part of a ReadProcessMemory or WriteProcessMemory request was completed. (0x12B)
[0527/002038.018:WARNING:pe_image_reader.cc(340)] could not read dos header from C:\WINDOWS\System32\kernel.appcore.dll
[0527/002038.018:ERROR:process_memory_win.cc(73)] ReadMemory at 0x7ffd2e4a0000 of 64 bytes failed: Only part of a ReadProcessMemory or WriteProcessMemory request was completed. (0x12B)
[0527/002038.018:WARNING:pe_image_reader.cc(340)] could not read dos header from C:\WINDOWS\System32\bcrypt.dll
[0527/002038.018:ERROR:process_memory_win.cc(73)] ReadMemory at 0x7ffd2bc30000 of 64 bytes failed: Only part of a ReadProcessMemory or WriteProcessMemory request was completed. (0x12B)
[0527/002038.018:WARNING:pe_image_reader.cc(340)] could not read dos header from C:\WINDOWS\SYSTEM32\dbghelp.dll
[0527/002038.018:ERROR:process_memory_win.cc(73)] ReadMemory at 0x7ffd1f2e0000 of 64 bytes failed: Only part of a ReadProcessMemory or WriteProcessMemory request was completed. (0x12B)
[0527/002038.018:WARNING:pe_image_reader.cc(340)] could not read dos header from C:\WINDOWS\SYSTEM32\WINHTTP.dll
[0527/002038.018:ERROR:process_memory_win.cc(73)] ReadMemory at 0x7ffd20020000 of 64 bytes failed: Only part of a ReadProcessMemory or WriteProcessMemory request was completed. (0x12B)
[0527/002038.022:WARNING:pe_image_reader.cc(340)] could not read dos header from C:\WINDOWS\SYSTEM32\dhcpcsvc.DLL
[0527/002038.022:ERROR:process_memory_win.cc(73)] ReadMemory at 0x7ffd2f280000 of 64 bytes failed: Only part of a ReadProcessMemory or WriteProcessMemory request was completed. (0x12B)
[0527/002038.022:WARNING:pe_image_reader.cc(340)] could not read dos header from C:\WINDOWS\System32\NSI.dll
[0527/002038.022:ERROR:process_memory_win.cc(73)] ReadMemory at 0x7ffd292a0000 of 64 bytes failed: Only part of a ReadProcessMemory or WriteProcessMemory request was completed. (0x12B)
[0527/002038.022:WARNING:pe_image_reader.cc(340)] could not read dos header from C:\WINDOWS\SYSTEM32\WINMMBASE.dll
[0527/002038.022:ERROR:process_memory_win.cc(73)] ReadMemory at 0x7ffd2e500000 of 64 bytes failed: Only part of a ReadProcessMemory or WriteProcessMemory request was completed. (0x12B)
[0527/002038.022:WARNING:pe_image_reader.cc(340)] could not read dos header from C:\WINDOWS\System32\cfgmgr32.dll
[0527/002038.022:ERROR:process_memory_win.cc(73)] ReadMemory at 0x7ffd2ba50000 of 64 bytes failed: Only part of a ReadProcessMemory or WriteProcessMemory request was completed. (0x12B)
[0527/002038.022:WARNING:pe_image_reader.cc(340)] could not read dos header from C:\WINDOWS\SYSTEM32\PROPSYS.dll
[0527/002038.022:ERROR:process_memory_win.cc(73)] ReadMemory at 0x7ffd2fc40000 of 64 bytes failed: Only part of a ReadProcessMemory or WriteProcessMemory request was completed. (0x12B)
[0527/002038.022:WARNING:pe_image_reader.cc(340)] could not read dos header from C:\WINDOWS\System32\shcore.dll
[0527/002038.022:ERROR:process_memory_win.cc(73)] ReadMemory at 0x7ffd2d250000 of 64 bytes failed: Only part of a ReadProcessMemory or WriteProcessMemory request was completed. (0x12B)
[0527/002038.022:WARNING:pe_image_reader.cc(340)] could not read dos header from C:\WINDOWS\SYSTEM32\SSPICLI.DLL
[0527/002038.022:ERROR:process_memory_win.cc(73)] ReadMemory at 0x7ffd2cda0000 of 64 bytes failed: Only part of a ReadProcessMemory or WriteProcessMemory request was completed. (0x12B)
[0527/002038.022:WARNING:pe_image_reader.cc(340)] could not read dos header from C:\WINDOWS\SYSTEM32\CRYPTBASE.DLL
[0527/002038.209:ERROR:process_memory_win.cc(73)] ReadMemory at 0x7ff7bb540000 of 64 bytes failed: Only part of a ReadProcessMemory or WriteProcessMemory request was completed. (0x12B)
[0527/002038.209:WARNING:pe_image_reader.cc(340)] could not read dos header from C:\Program Files (x86)\Google\Chrome\Application\chrome.exe
[0527/002038.209:ERROR:process_memory_win.cc(73)] ReadMemory at 0x7ffd304a0000 of 64 bytes failed: Only part of a ReadProcessMemory or WriteProcessMemory request was completed. (0x12B)
[0527/002038.210:WARNING:pe_image_reader.cc(340)] could not read dos header from C:\WINDOWS\SYSTEM32\ntdll.dll
[0527/002038.210:ERROR:process_memory_win.cc(73)] ReadMemory at 0x7ffd301b0000 of 64 bytes failed: Only part of a ReadProcessMemory or WriteProcessMemory request was completed. (0x12B)
[0527/002038.210:WARNING:pe_image_reader.cc(340)] could not read dos header from C:\WINDOWS\System32\KERNEL32.DLL
[0527/002038.210:ERROR:process_memory_win.cc(73)] ReadMemory at 0x7ffd2d800000 of 64 bytes failed: Only part of a ReadProcessMemory or WriteProcessMemory request was completed. (0x12B)
[0527/002038.210:WARNING:pe_image_reader.cc(340)] could not read dos header from C:\WINDOWS\System32\KERNELBASE.dll
[0527/002038.211:ERROR:process_memory_win.cc(73)] ReadMemory at 0x7ffcf5390000 of 64 bytes failed: Only part of a ReadProcessMemory or WriteProcessMemory request was completed. (0x12B)
[0527/002038.211:WARNING:pe_image_reader.cc(340)] could not read dos header from C:\Program Files (x86)\Google\Chrome\Application\81.0.4044.138\chrome_elf.dll
[0527/002038.211:ERROR:process_memory_win.cc(73)] ReadMemory at 0x7ffd20870000 of 64 bytes failed: Only part of a ReadProcessMemory or WriteProcessMemory request was completed. (0x12B)
[0527/002038.211:WARNING:pe_image_reader.cc(340)] could not read dos header from C:\WINDOWS\SYSTEM32\VERSION.dll
[0527/002038.211:ERROR:process_memory_win.cc(73)] ReadMemory at 0x7ffd2efa0000 of 64 bytes failed: Only part of a ReadProcessMemory or WriteProcessMemory request was completed. (0x12B)
[0527/002038.212:WARNING:pe_image_reader.cc(340)] could not read dos header from C:\WINDOWS\System32\msvcrt.dll
[0527/002038.212:ERROR:process_memory_win.cc(73)] ReadMemory at 0x7ffd2d490000 of 64 bytes failed: Only part of a ReadProcessMemory or WriteProcessMemory request was completed. (0x12B)
[0527/002038.212:WARNING:pe_image_reader.cc(340)] could not read dos header from C:\WINDOWS\System32\bcryptPrimitives.dll
[0527/002038.212:ERROR:process_memory_win.cc(73)] ReadMemory at 0x7ffd303b0000 of 64 bytes failed: Only part of a ReadProcessMemory or WriteProcessMemory request was completed. (0x12B)
[0527/002038.212:WARNING:pe_image_reader.cc(340)] could not read dos header from C:\WINDOWS\System32\ADVAPI32.dll
[0527/002038.212:ERROR:process_memory_win.cc(73)] ReadMemory at 0x7ffd2ff20000 of 64 bytes failed: Only part of a ReadProcessMemory or WriteProcessMemory request was completed. (0x12B)
[0527/002038.212:WARNING:pe_image_reader.cc(340)] could not read dos header from C:\WINDOWS\System32\sechost.dll
[0527/002038.212:ERROR:process_memory_win.cc(73)] ReadMemory at 0x7ffd2ee80000 of 64 bytes failed: Only part of a ReadProcessMemory or WriteProcessMemory request was completed. (0x12B)
[0527/002038.212:WARNING:pe_image_reader.cc(340)] could not read dos header from C:\WINDOWS\System32\RPCRT4.dll
[0527/002038.213:ERROR:process_memory_win.cc(73)] ReadMemory at 0x7ffce6dd0000 of 64 bytes failed: Only part of a ReadProcessMemory or WriteProcessMemory request was completed. (0x12B)
[0527/002038.213:WARNING:pe_image_reader.cc(340)] could not read dos header from C:\Program Files (x86)\Google\Chrome\Application\81.0.4044.138\chrome.dll
[0527/002038.213:ERROR:process_memory_win.cc(73)] ReadMemory at 0x7ffd2f200000 of 64 bytes failed: Only part of a ReadProcessMemory or WriteProcessMemory request was completed. (0x12B)
[0527/002038.213:WARNING:pe_image_reader.cc(340)] could not read dos header from C:\WINDOWS\System32\WS2_32.dll
[0527/002038.213:ERROR:process_memory_win.cc(73)] ReadMemory at 0x7ffd2e5f0000 of 64 bytes failed: Only part of a ReadProcessMemory or WriteProcessMemory request was completed. (0x12B)
[0527/002038.213:WARNING:pe_image_reader.cc(340)] could not read dos header from C:\WINDOWS\System32\OLEAUT32.dll
[0527/002038.213:ERROR:process_memory_win.cc(73)] ReadMemory at 0x7ffd2dab0000 of 64 bytes failed: Only part of a ReadProcessMemory or WriteProcessMemory request was completed. (0x12B)
[0527/002038.213:WARNING:pe_image_reader.cc(340)] could not read dos header from C:\WINDOWS\System32\msvcp_win.dll
[0527/002038.213:ERROR:process_memory_win.cc(73)] ReadMemory at 0x7ffd2db50000 of 64 bytes failed: Only part of a ReadProcessMemory or WriteProcessMemory request was completed. (0x12B)
[0527/002038.214:WARNING:pe_image_reader.cc(340)] could not read dos header from C:\WINDOWS\System32\ucrtbase.dll
[0527/002038.214:ERROR:process_memory_win.cc(73)] ReadMemory at 0x7ffd2f900000 of 64 bytes failed: Only part of a ReadProcessMemory or WriteProcessMemory request was completed. (0x12B)
[0527/002038.214:WARNING:pe_image_reader.cc(340)] could not read dos header from C:\WINDOWS\System32\combase.dll
[0527/002038.214:ERROR:process_memory_win.cc(73)] ReadMemory at 0x7ffd2d430000 of 64 bytes failed: Only part of a ReadProcessMemory or WriteProcessMemory request was completed. (0x12B)
[0527/002038.214:WARNING:pe_image_reader.cc(340)] could not read dos header from C:\WINDOWS\System32\WINTRUST.dll
[0527/002038.214:ERROR:process_memory_win.cc(73)] ReadMemory at 0x7ffd2d370000 of 64 bytes failed: Only part of a ReadProcessMemory or WriteProcessMemory request was completed. (0x12B)
[0527/002038.214:WARNING:pe_image_reader.cc(340)] could not read dos header from C:\WINDOWS\System32\MSASN1.dll
[0527/002038.214:ERROR:process_memory_win.cc(73)] ReadMemory at 0x7ffd2d6b0000 of 64 bytes failed: Only part of a ReadProcessMemory or WriteProcessMemory request was completed. (0x12B)
[0527/002038.214:WARNING:pe_image_reader.cc(340)] could not read dos header from C:\WINDOWS\System32\CRYPT32.dll
[0527/002038.214:ERROR:process_memory_win.cc(73)] ReadMemory at 0x7ffd2c8e0000 of 64 bytes failed: Only part of a ReadProcessMemory or WriteProcessMemory request was completed. (0x12B)
[0527/002038.214:WARNING:pe_image_reader.cc(340)] could not read dos header from C:\WINDOWS\SYSTEM32\IPHLPAPI.DLL
[0527/002038.214:ERROR:process_memory_win.cc(73)] ReadMemory at 0x7ffd292d0000 of 64 bytes failed: Only part of a ReadProcessMemory or WriteProcessMemory request was completed. (0x12B)
[0527/002038.214:WARNING:pe_image_reader.cc(340)] could not read dos header from C:\WINDOWS\SYSTEM32\WINMM.dll
[0527/002038.214:ERROR:process_memory_win.cc(73)] ReadMemory at 0x7ffd1b5c0000 of 64 bytes failed: Only part of a ReadProcessMemory or WriteProcessMemory request was completed. (0x12B)
[0527/002038.214:WARNING:pe_image_reader.cc(340)] could not read dos header from C:\WINDOWS\SYSTEM32\Secur32.dll
[0527/002038.214:ERROR:process_memory_win.cc(73)] ReadMemory at 0x7ffd2d280000 of 64 bytes failed: Only part of a ReadProcessMemory or WriteProcessMemory request was completed. (0x12B)
[0527/002038.214:WARNING:pe_image_reader.cc(340)] could not read dos header from C:\WINDOWS\SYSTEM32\USERENV.dll
[0527/002038.214:ERROR:process_memory_win.cc(73)] ReadMemory at 0x7ffd2d3b0000 of 64 bytes failed: Only part of a ReadProcessMemory or WriteProcessMemory request was completed. (0x12B)
[0527/002038.214:WARNING:pe_image_reader.cc(340)] could not read dos header from C:\WINDOWS\System32\profapi.dll
[0527/002038.214:ERROR:process_memory_win.cc(73)] ReadMemory at 0x7ffd0b900000 of 64 bytes failed: Only part of a ReadProcessMemory or WriteProcessMemory request was completed. (0x12B)
[0527/002038.214:WARNING:pe_image_reader.cc(340)] could not read dos header from C:\WINDOWS\SYSTEM32\UIAutomationCore.DLL
[0527/002038.214:ERROR:process_memory_win.cc(73)] ReadMemory at 0x7ffd1a4c0000 of 64 bytes failed: Only part of a ReadProcessMemory or WriteProcessMemory request was completed. (0x12B)
[0527/002038.214:WARNING:pe_image_reader.cc(340)] could not read dos header from C:\WINDOWS\SYSTEM32\DWrite.dll
[0527/002038.214:ERROR:process_memory_win.cc(73)] ReadMemory at 0x7ffd1eba0000 of 64 bytes failed: Only part of a ReadProcessMemory or WriteProcessMemory request was completed. (0x12B)
[0527/002038.214:WARNING:pe_image_reader.cc(340)] could not read dos header from C:\WINDOWS\SYSTEM32\WINSPOOL.DRV
[0527/002038.214:ERROR:process_memory_win.cc(73)] ReadMemory at 0x7ffd2d390000 of 64 bytes failed: Only part of a ReadProcessMemory or WriteProcessMemory request was completed. (0x12B)
[0527/002038.214:WARNING:pe_image_reader.cc(340)] could not read dos header from C:\WINDOWS\System32\kernel.appcore.dll
[0527/002038.214:ERROR:process_memory_win.cc(73)] ReadMemory at 0x7ffd2e4a0000 of 64 bytes failed: Only part of a ReadProcessMemory or WriteProcessMemory request was completed. (0x12B)
[0527/002038.214:WARNING:pe_image_reader.cc(340)] could not read dos header from C:\WINDOWS\System32\bcrypt.dll
[0527/002038.214:ERROR:process_memory_win.cc(73)] ReadMemory at 0x7ffd2bc30000 of 64 bytes failed: Only part of a ReadProcessMemory or WriteProcessMemory request was completed. (0x12B)
[0527/002038.214:WARNING:pe_image_reader.cc(340)] could not read dos header from C:\WINDOWS\SYSTEM32\dbghelp.dll
[0527/002038.214:ERROR:process_memory_win.cc(73)] ReadMemory at 0x7ffd1f2e0000 of 64 bytes failed: Only part of a ReadProcessMemory or WriteProcessMemory request was completed. (0x12B)
[0527/002038.214:WARNING:pe_image_reader.cc(340)] could not read dos header from C:\WINDOWS\SYSTEM32\WINHTTP.dll
[0527/002038.214:ERROR:process_memory_win.cc(73)] ReadMemory at 0x7ffd20020000 of 64 bytes failed: Only part of a ReadProcessMemory or WriteProcessMemory request was completed. (0x12B)
[0527/002038.214:WARNING:pe_image_reader.cc(340)] could not read dos header from C:\WINDOWS\SYSTEM32\dhcpcsvc.DLL
[0527/002038.214:ERROR:process_memory_win.cc(73)] ReadMemory at 0x7ffd2f280000 of 64 bytes failed: Only part of a ReadProcessMemory or WriteProcessMemory request was completed. (0x12B)
[0527/002038.214:WARNING:pe_image_reader.cc(340)] could not read dos header from C:\WINDOWS\System32\NSI.dll
[0527/002038.214:ERROR:process_memory_win.cc(73)] ReadMemory at 0x7ffd292a0000 of 64 bytes failed: Only part of a ReadProcessMemory or WriteProcessMemory request was completed. (0x12B)
[0527/002038.214:WARNING:pe_image_reader.cc(340)] could not read dos header from C:\WINDOWS\SYSTEM32\WINMMBASE.dll
[0527/002038.214:ERROR:process_memory_win.cc(73)] ReadMemory at 0x7ffd2e500000 of 64 bytes failed: Only part of a ReadProcessMemory or WriteProcessMemory request was completed. (0x12B)
[0527/002038.214:WARNING:pe_image_reader.cc(340)] could not read dos header from C:\WINDOWS\System32\cfgmgr32.dll
[0527/002038.214:ERROR:process_memory_win.cc(73)] ReadMemory at 0x7ffd2ba50000 of 64 bytes failed: Only part of a ReadProcessMemory or WriteProcessMemory request was completed. (0x12B)
[0527/002038.214:WARNING:pe_image_reader.cc(340)] could not read dos header from C:\WINDOWS\SYSTEM32\PROPSYS.dll
[0527/002038.214:ERROR:process_memory_win.cc(73)] ReadMemory at 0x7ffd2fc40000 of 64 bytes failed: Only part of a ReadProcessMemory or WriteProcessMemory request was completed. (0x12B)
[0527/002038.214:WARNING:pe_image_reader.cc(340)] could not read dos header from C:\WINDOWS\System32\shcore.dll
[0527/002038.214:ERROR:process_memory_win.cc(73)] ReadMemory at 0x7ffd2d250000 of 64 bytes failed: Only part of a ReadProcessMemory or WriteProcessMemory request was completed. (0x12B)
[0527/002038.214:WARNING:pe_image_reader.cc(340)] could not read dos header from C:\WINDOWS\SYSTEM32\SSPICLI.DLL
[0527/002038.214:ERROR:process_memory_win.cc(73)] ReadMemory at 0x7ffd2cda0000 of 64 bytes failed: Only part of a ReadProcessMemory or WriteProcessMemory request was completed. (0x12B)
[0527/002038.214:WARNING:pe_image_reader.cc(340)] could not read dos header from C:\WINDOWS\SYSTEM32\CRYPTBASE.DLL
[0527/002038.214:ERROR:process_memory_win.cc(73)] ReadMemory at 0x7ff7bb540000 of 64 bytes failed: Only part of a ReadProcessMemory or WriteProcessMemory request was completed. (0x12B)
[0527/002038.214:WARNING:pe_image_reader.cc(340)] could not read dos header from C:\Program Files (x86)\Google\Chrome\Application\chrome.exe
[0527/002038.214:ERROR:process_memory_win.cc(73)] ReadMemory at 0x7ffd304a0000 of 64 bytes failed: Only part of a ReadProcessMemory or WriteProcessMemory request was completed. (0x12B)
[0527/002038.214:WARNING:pe_image_reader.cc(340)] could not read dos header from C:\WINDOWS\SYSTEM32\ntdll.dll
[0527/002038.218:ERROR:process_memory_win.cc(73)] ReadMemory at 0x7ffd301b0000 of 64 bytes failed: Only part of a ReadProcessMemory or WriteProcessMemory request was completed. (0x12B)
[0527/002038.218:WARNING:pe_image_reader.cc(340)] could not read dos header from C:\WINDOWS\System32\KERNEL32.DLL
[0527/002038.218:ERROR:process_memory_win.cc(73)] ReadMemory at 0x7ffd2d800000 of 64 bytes failed: Only part of a ReadProcessMemory or WriteProcessMemory request was completed. (0x12B)
[0527/002038.218:WARNING:pe_image_reader.cc(340)] could not read dos header from C:\WINDOWS\System32\KERNELBASE.dll
[0527/002038.218:ERROR:process_memory_win.cc(73)] ReadMemory at 0x7ffcf5390000 of 64 bytes failed: Only part of a ReadProcessMemory or WriteProcessMemory request was completed. (0x12B)
[0527/002038.218:WARNING:pe_image_reader.cc(340)] could not read dos header from C:\Program Files (x86)\Google\Chrome\Application\81.0.4044.138\chrome_elf.dll
[0527/002038.218:ERROR:process_memory_win.cc(73)] ReadMemory at 0x7ffd20870000 of 64 bytes failed: Only part of a ReadProcessMemory or WriteProcessMemory request was completed. (0x12B)
[0527/002038.218:WARNING:pe_image_reader.cc(340)] could not read dos header from C:\WINDOWS\SYSTEM32\VERSION.dll
[0527/002038.218:ERROR:process_memory_win.cc(73)] ReadMemory at 0x7ffd2efa0000 of 64 bytes failed: Only part of a ReadProcessMemory or WriteProcessMemory request was completed. (0x12B)
[0527/002038.218:WARNING:pe_image_reader.cc(340)] could not read dos header from C:\WINDOWS\System32\msvcrt.dll
[0527/002038.218:ERROR:process_memory_win.cc(73)] ReadMemory at 0x7ffd2d490000 of 64 bytes failed: Only part of a ReadProcessMemory or WriteProcessMemory request was completed. (0x12B)
[0527/002038.218:WARNING:pe_image_reader.cc(340)] could not read dos header from C:\WINDOWS\System32\bcryptPrimitives.dll
[0527/002038.218:ERROR:process_memory_win.cc(73)] ReadMemory at 0x7ffd303b0000 of 64 bytes failed: Only part of a ReadProcessMemory or WriteProcessMemory request was completed. (0x12B)
[0527/002038.218:WARNING:pe_image_reader.cc(340)] could not read dos header from C:\WINDOWS\System32\ADVAPI32.dll
[0527/002038.218:ERROR:process_memory_win.cc(73)] ReadMemory at 0x7ffd2ff20000 of 64 bytes failed: Only part of a ReadProcessMemory or WriteProcessMemory request was completed. (0x12B)
[0527/002038.218:WARNING:pe_image_reader.cc(340)] could not read dos header from C:\WINDOWS\System32\sechost.dll
[0527/002038.219:ERROR:process_memory_win.cc(73)] ReadMemory at 0x7ffd2ee80000 of 64 bytes failed: Only part of a ReadProcessMemory or WriteProcessMemory request was completed. (0x12B)
[0527/002038.219:WARNING:pe_image_reader.cc(340)] could not read dos header from C:\WINDOWS\System32\RPCRT4.dll
[0527/002038.219:ERROR:process_memory_win.cc(73)] ReadMemory at 0x7ffce6dd0000 of 64 bytes failed: Only part of a ReadProcessMemory or WriteProcessMemory request was completed. (0x12B)
[0527/002038.219:WARNING:pe_image_reader.cc(340)] could not read dos header from C:\Program Files (x86)\Google\Chrome\Application\81.0.4044.138\chrome.dll
[0527/002038.219:ERROR:process_memory_win.cc(73)] ReadMemory at 0x7ffd2f200000 of 64 bytes failed: Only part of a ReadProcessMemory or WriteProcessMemory request was completed. (0x12B)
[0527/002038.219:WARNING:pe_image_reader.cc(340)] could not read dos header from C:\WINDOWS\System32\WS2_32.dll
[0527/002038.219:ERROR:process_memory_win.cc(73)] ReadMemory at 0x7ffd2e5f0000 of 64 bytes failed: Only part of a ReadProcessMemory or WriteProcessMemory request was completed. (0x12B)
[0527/002038.219:WARNING:pe_image_reader.cc(340)] could not read dos header from C:\WINDOWS\System32\OLEAUT32.dll
[0527/002038.219:ERROR:process_memory_win.cc(73)] ReadMemory at 0x7ffd2dab0000 of 64 bytes failed: Only part of a ReadProcessMemory or WriteProcessMemory request was completed. (0x12B)
[0527/002038.219:WARNING:pe_image_reader.cc(340)] could not read dos header from C:\WINDOWS\System32\msvcp_win.dll
[0527/002038.219:ERROR:process_memory_win.cc(73)] ReadMemory at 0x7ffd2db50000 of 64 bytes failed: Only part of a ReadProcessMemory or WriteProcessMemory request was completed. (0x12B)
[0527/002038.219:WARNING:pe_image_reader.cc(340)] could not read dos header from C:\WINDOWS\System32\ucrtbase.dll
[0527/002038.219:ERROR:process_memory_win.cc(73)] ReadMemory at 0x7ffd2f900000 of 64 bytes failed: Only part of a ReadProcessMemory or WriteProcessMemory request was completed. (0x12B)
[0527/002038.219:WARNING:pe_image_reader.cc(340)] could not read dos header from C:\WINDOWS\System32\combase.dll
[0527/002038.219:ERROR:process_memory_win.cc(73)] ReadMemory at 0x7ffd2d430000 of 64 bytes failed: Only part of a ReadProcessMemory or WriteProcessMemory request was completed. (0x12B)
[0527/002038.219:WARNING:pe_image_reader.cc(340)] could not read dos header from C:\WINDOWS\System32\WINTRUST.dll
[0527/002038.219:ERROR:process_memory_win.cc(73)] ReadMemory at 0x7ffd2d370000 of 64 bytes failed: Only part of a ReadProcessMemory or WriteProcessMemory request was completed. (0x12B)
[0527/002038.219:WARNING:pe_image_reader.cc(340)] could not read dos header from C:\WINDOWS\System32\MSASN1.dll
[0527/002038.219:ERROR:process_memory_win.cc(73)] ReadMemory at 0x7ffd2d6b0000 of 64 bytes failed: Only part of a ReadProcessMemory or WriteProcessMemory request was completed. (0x12B)
[0527/002038.219:WARNING:pe_image_reader.cc(340)] could not read dos header from C:\WINDOWS\System32\CRYPT32.dll
[0527/002038.219:ERROR:process_memory_win.cc(73)] ReadMemory at 0x7ffd2c8e0000 of 64 bytes failed: Only part of a ReadProcessMemory or WriteProcessMemory request was completed. (0x12B)
[0527/002038.219:WARNING:pe_image_reader.cc(340)] could not read dos header from C:\WINDOWS\SYSTEM32\IPHLPAPI.DLL
[0527/002038.219:ERROR:process_memory_win.cc(73)] ReadMemory at 0x7ffd292d0000 of 64 bytes failed: Only part of a ReadProcessMemory or WriteProcessMemory request was completed. (0x12B)
[0527/002038.219:WARNING:pe_image_reader.cc(340)] could not read dos header from C:\WINDOWS\SYSTEM32\WINMM.dll
[0527/002038.219:ERROR:process_memory_win.cc(73)] ReadMemory at 0x7ffd1b5c0000 of 64 bytes failed: Only part of a ReadProcessMemory or WriteProcessMemory request was completed. (0x12B)
[0527/002038.219:WARNING:pe_image_reader.cc(340)] could not read dos header from C:\WINDOWS\SYSTEM32\Secur32.dll
[0527/002038.219:ERROR:process_memory_win.cc(73)] ReadMemory at 0x7ffd2d280000 of 64 bytes failed: Only part of a ReadProcessMemory or WriteProcessMemory request was completed. (0x12B)
[0527/002038.219:WARNING:pe_image_reader.cc(340)] could not read dos header from C:\WINDOWS\SYSTEM32\USERENV.dll
[0527/002038.219:ERROR:process_memory_win.cc(73)] ReadMemory at 0x7ffd2d3b0000 of 64 bytes failed: Only part of a ReadProcessMemory or WriteProcessMemory request was completed. (0x12B)
[0527/002038.219:WARNING:pe_image_reader.cc(340)] could not read dos header from C:\WINDOWS\System32\profapi.dll
[0527/002038.219:ERROR:process_memory_win.cc(73)] ReadMemory at 0x7ffd0b900000 of 64 bytes failed: Only part of a ReadProcessMemory or WriteProcessMemory request was completed. (0x12B)
[0527/002038.219:WARNING:pe_image_reader.cc(340)] could not read dos header from C:\WINDOWS\SYSTEM32\UIAutomationCore.DLL
[0527/002038.219:ERROR:process_memory_win.cc(73)] ReadMemory at 0x7ffd1a4c0000 of 64 bytes failed: Only part of a ReadProcessMemory or WriteProcessMemory request was completed. (0x12B)
[0527/002038.219:WARNING:pe_image_reader.cc(340)] could not read dos header from C:\WINDOWS\SYSTEM32\DWrite.dll
[0527/002038.219:ERROR:process_memory_win.cc(73)] ReadMemory at 0x7ffd1eba0000 of 64 bytes failed: Only part of a ReadProcessMemory or WriteProcessMemory request was completed. (0x12B)
[0527/002038.219:WARNING:pe_image_reader.cc(340)] could not read dos header from C:\WINDOWS\SYSTEM32\WINSPOOL.DRV
[0527/002038.219:ERROR:process_memory_win.cc(73)] ReadMemory at 0x7ffd2d390000 of 64 bytes failed: Only part of a ReadProcessMemory or WriteProcessMemory request was completed. (0x12B)
[0527/002038.219:WARNING:pe_image_reader.cc(340)] could not read dos header from C:\WINDOWS\System32\kernel.appcore.dll
[0527/002038.219:ERROR:process_memory_win.cc(73)] ReadMemory at 0x7ffd2e4a0000 of 64 bytes failed: Only part of a ReadProcessMemory or WriteProcessMemory request was completed. (0x12B)
[0527/002038.219:WARNING:pe_image_reader.cc(340)] could not read dos header from C:\WINDOWS\System32\bcrypt.dll
[0527/002038.219:ERROR:process_memory_win.cc(73)] ReadMemory at 0x7ffd2bc30000 of 64 bytes failed: Only part of a ReadProcessMemory or WriteProcessMemory request was completed. (0x12B)
[0527/002038.219:WARNING:pe_image_reader.cc(340)] could not read dos header from C:\WINDOWS\SYSTEM32\dbghelp.dll
[0527/002038.219:ERROR:process_memory_win.cc(73)] ReadMemory at 0x7ffd1f2e0000 of 64 bytes failed: Only part of a ReadProcessMemory or WriteProcessMemory request was completed. (0x12B)
[0527/002038.219:WARNING:pe_image_reader.cc(340)] could not read dos header from C:\WINDOWS\SYSTEM32\WINHTTP.dll
[0527/002038.219:ERROR:process_memory_win.cc(73)] ReadMemory at 0x7ffd20020000 of 64 bytes failed: Only part of a ReadProcessMemory or WriteProcessMemory request was completed. (0x12B)
[0527/002038.219:WARNING:pe_image_reader.cc(340)] could not read dos header from C:\WINDOWS\SYSTEM32\dhcpcsvc.DLL
[0527/002038.219:ERROR:process_memory_win.cc(73)] ReadMemory at 0x7ffd2f280000 of 64 bytes failed: Only part of a ReadProcessMemory or WriteProcessMemory request was completed. (0x12B)
[0527/002038.219:WARNING:pe_image_reader.cc(340)] could not read dos header from C:\WINDOWS\System32\NSI.dll
[0527/002038.219:ERROR:process_memory_win.cc(73)] ReadMemory at 0x7ffd292a0000 of 64 bytes failed: Only part of a ReadProcessMemory or WriteProcessMemory request was completed. (0x12B)
[0527/002038.219:WARNING:pe_image_reader.cc(340)] could not read dos header from C:\WINDOWS\SYSTEM32\WINMMBASE.dll
[0527/002038.219:ERROR:process_memory_win.cc(73)] ReadMemory at 0x7ffd2e500000 of 64 bytes failed: Only part of a ReadProcessMemory or WriteProcessMemory request was completed. (0x12B)
[0527/002038.219:WARNING:pe_image_reader.cc(340)] could not read dos header from C:\WINDOWS\System32\cfgmgr32.dll
[0527/002038.219:ERROR:process_memory_win.cc(73)] ReadMemory at 0x7ffd2ba50000 of 64 bytes failed: Only part of a ReadProcessMemory or WriteProcessMemory request was completed. (0x12B)
[0527/002038.219:WARNING:pe_image_reader.cc(340)] could not read dos header from C:\WINDOWS\SYSTEM32\PROPSYS.dll
[0527/002038.219:ERROR:process_memory_win.cc(73)] ReadMemory at 0x7ffd2fc40000 of 64 bytes failed: Only part of a ReadProcessMemory or WriteProcessMemory request was completed. (0x12B)
[0527/002038.219:WARNING:pe_image_reader.cc(340)] could not read dos header from C:\WINDOWS\System32\shcore.dll
[0527/002038.219:ERROR:process_memory_win.cc(73)] ReadMemory at 0x7ffd2d250000 of 64 bytes failed: Only part of a ReadProcessMemory or WriteProcessMemory request was completed. (0x12B)
[0527/002038.219:WARNING:pe_image_reader.cc(340)] could not read dos header from C:\WINDOWS\SYSTEM32\SSPICLI.DLL
[0527/002038.219:ERROR:process_memory_win.cc(73)] ReadMemory at 0x7ffd2cda0000 of 64 bytes failed: Only part of a ReadProcessMemory or WriteProcessMemory request was completed. (0x12B)
[0527/002038.219:WARNING:pe_image_reader.cc(340)] could not read dos header from C:\WINDOWS\SYSTEM32\CRYPTBASE.DLL
[0527/002038.326:ERROR:process_memory_win.cc(73)] ReadMemory at 0x9ca6be3000 of 118784 bytes failed: Only part of a ReadProcessMemory or WriteProcessMemory request was completed. (0x12B)
[0527/002038.326:ERROR:process_memory_win.cc(73)] ReadMemory at 0x9ca73fd000 of 12288 bytes failed: Only part of a ReadProcessMemory or WriteProcessMemory request was completed. (0x12B)
[0527/002038.326:ERROR:process_memory_win.cc(73)] ReadMemory at 0x9ca83fd000 of 12288 bytes failed: Only part of a ReadProcessMemory or WriteProcessMemory request was completed. (0x12B)
[0527/002038.326:ERROR:process_memory_win.cc(73)] ReadMemory at 0x9ca8bfc000 of 16384 bytes failed: Only part of a ReadProcessMemory or WriteProcessMemory request was completed. (0x12B)
[0527/002038.326:ERROR:process_memory_win.cc(73)] ReadMemory at 0x9ca93ff000 of 4096 bytes failed: Only part of a ReadProcessMemory or WriteProcessMemory request was completed. (0x12B)
[0527/002038.326:ERROR:process_memory_win.cc(73)] ReadMemory at 0x9ca9bfd000 of 12288 bytes failed: Only part of a ReadProcessMemory or WriteProcessMemory request was completed. (0x12B)
[0527/002038.326:ERROR:process_memory_win.cc(73)] ReadMemory at 0x9caa3fa000 of 24576 bytes failed: Only part of a ReadProcessMemory or WriteProcessMemory request was completed. (0x12B)
[0527/002038.326:ERROR:process_memory_win.cc(73)] ReadMemory at 0x9caabfd000 of 12288 bytes failed: Only part of a ReadProcessMemory or WriteProcessMemory request was completed. (0x12B)
[0527/002038.326:ERROR:process_memory_win.cc(73)] ReadMemory at 0x9cab3f8000 of 32768 bytes failed: Only part of a ReadProcessMemory or WriteProcessMemory request was completed. (0x12B)
[0527/002038.326:ERROR:process_memory_win.cc(73)] ReadMemory at 0x9cabbf8000 of 32768 bytes failed: Only part of a ReadProcessMemory or WriteProcessMemory request was completed. (0x12B)
[0527/002038.326:ERROR:process_memory_win.cc(73)] ReadMemory at 0x9cac3f8000 of 32768 bytes failed: Only part of a ReadProcessMemory or WriteProcessMemory request was completed. (0x12B)
[0527/002038.326:ERROR:process_memory_win.cc(73)] ReadMemory at 0x9cadbfd000 of 12288 bytes failed: Only part of a ReadProcessMemory or WriteProcessMemory request was completed. (0x12B)
[0527/002038.326:ERROR:process_memory_win.cc(73)] ReadMemory at 0x9cacbf5000 of 45056 bytes failed: Only part of a ReadProcessMemory or WriteProcessMemory request was completed. (0x12B)
[0527/002038.326:ERROR:process_memory_win.cc(73)] ReadMemory at 0x9cad3f5000 of 45056 bytes failed: Only part of a ReadProcessMemory or WriteProcessMemory request was completed. (0x12B)
[0527/002038.326:ERROR:process_memory_win.cc(73)] ReadMemory at 0x9ca7bfe000 of 8192 bytes failed: Only part of a ReadProcessMemory or WriteProcessMemory request was completed. (0x12B)
[0527/002038.326:ERROR:process_memory_win.cc(73)] ReadMemory at 0x9ca620c000 of 6024 bytes failed: Only part of a ReadProcessMemory or WriteProcessMemory request was completed. (0x12B)
[0527/002038.326:ERROR:process_memory_win.cc(73)] ReadMemory at 0x9ca620e000 of 6024 bytes failed: Only part of a ReadProcessMemory or WriteProcessMemory request was completed. (0x12B)
[0527/002038.326:ERROR:process_memory_win.cc(73)] ReadMemory at 0x9ca6212000 of 6024 bytes failed: Only part of a ReadProcessMemory or WriteProcessMemory request was completed. (0x12B)
[0527/002038.326:ERROR:process_memory_win.cc(73)] ReadMemory at 0x9ca62d6000 of 852 bytes failed: Only part of a ReadProcessMemory or WriteProcessMemory request was completed. (0x12B)
[0527/002038.326:ERROR:process_memory_win.cc(73)] ReadMemory at 0x9ca62d7000 of 6024 bytes failed: Only part of a ReadProcessMemory or WriteProcessMemory request was completed. (0x12B)
[0527/002038.326:ERROR:process_memory_win.cc(73)] ReadMemory at 0x9ca62d9000 of 6024 bytes failed: Only part of a ReadProcessMemory or WriteProcessMemory request was completed. (0x12B)
[0527/002038.326:ERROR:process_memory_win.cc(73)] ReadMemory at 0x9ca62dd000 of 6024 bytes failed: Only part of a ReadProcessMemory or WriteProcessMemory request was completed. (0x12B)
[0527/002038.326:ERROR:process_memory_win.cc(73)] ReadMemory at 0x9ca62df000 of 6024 bytes failed: Only part of a ReadProcessMemory or WriteProcessMemory request was completed. (0x12B)
[0527/002038.326:ERROR:process_memory_win.cc(73)] ReadMemory at 0x9ca62e1000 of 6024 bytes failed: Only part of a ReadProcessMemory or WriteProcessMemory request was completed. (0x12B)
[0527/002038.326:ERROR:process_memory_win.cc(73)] ReadMemory at 0x9ca62e3000 of 6024 bytes failed: Only part of a ReadProcessMemory or WriteProcessMemory request was completed. (0x12B)
[0527/002038.326:ERROR:process_memory_win.cc(73)] ReadMemory at 0x9ca62e5000 of 6024 bytes failed: Only part of a ReadProcessMemory or WriteProcessMemory request was completed. (0x12B)
[0527/002038.326:ERROR:process_memory_win.cc(73)] ReadMemory at 0x9ca62e7000 of 6024 bytes failed: Only part of a ReadProcessMemory or WriteProcessMemory request was completed. (0x12B)
[0527/002038.326:ERROR:process_memory_win.cc(73)] ReadMemory at 0x9ca62e9000 of 6024 bytes failed: Only part of a ReadProcessMemory or WriteProcessMemory request was completed. (0x12B)
[0527/002038.330:ERROR:process_memory_win.cc(73)] ReadMemory at 0x9ca62eb000 of 6024 bytes failed: Only part of a ReadProcessMemory or WriteProcessMemory request was completed. (0x12B)
[0527/002038.330:ERROR:process_memory_win.cc(73)] ReadMemory at 0x9ca62ed000 of 6024 bytes failed: Only part of a ReadProcessMemory or WriteProcessMemory request was completed. (0x12B)
[0527/002038.330:ERROR:process_memory_win.cc(73)] ReadMemory at 0x9ca62f5000 of 6024 bytes failed: Only part of a ReadProcessMemory or WriteProcessMemory request was completed. (0x12B)
[0527/002038.330:ERROR:process_memory_win.cc(73)] ReadMemory at 0x280087aa0c0 of 528 bytes failed: Only part of a ReadProcessMemory or WriteProcessMemory request was completed. (0x12B)
[0527/002038.330:ERROR:process_memory_win.cc(73)] ReadMemory at 0x28008f598c0 of 512 bytes failed: Only part of a ReadProcessMemory or WriteProcessMemory request was completed. (0x12B)
[0527/002038.379:ERROR:process_memory_win.cc(73)] ReadMemory at 0x28016d29c50 of 512 bytes failed: Only part of a ReadProcessMemory or WriteProcessMemory request was completed. (0x12B)
[0527/002038.379:ERROR:process_memory_win.cc(73)] ReadMemory at 0x2805b410750 of 80 bytes failed: Only part of a ReadProcessMemory or WriteProcessMemory request was completed. (0x12B)
[0527/002038.379:ERROR:process_memory_win.cc(73)] ReadMemory at 0x2805b410fe0 of 24398 bytes failed: Only part of a ReadProcessMemory or WriteProcessMemory request was completed. (0x12B)
[0527/002038.379:ERROR:process_memory_win.cc(73)] ReadMemory at 0x2805b416f40 of 1012 bytes failed: Only part of a ReadProcessMemory or WriteProcessMemory request was completed. (0x12B)
[0527/002038.379:ERROR:process_memory_win.cc(73)] ReadMemory at 0x2805b417588 of 118 bytes failed: Only part of a ReadProcessMemory or WriteProcessMemory request was completed. (0x12B)
[0527/002038.379:ERROR:process_memory_win.cc(73)] ReadMemory at 0x2805b417600 of 962 bytes failed: Only part of a ReadProcessMemory or WriteProcessMemory request was completed. (0x12B)
[0527/002038.379:ERROR:process_memory_win.cc(73)] ReadMemory at 0x2805b4179c4 of 118 bytes failed: Only part of a ReadProcessMemory or WriteProcessMemory request was completed. (0x12B)
[0527/002038.379:ERROR:process_memory_win.cc(73)] ReadMemory at 0x2805b417a3c of 94 bytes failed: Only part of a ReadProcessMemory or WriteProcessMemory request was completed. (0x12B)
[0527/002038.379:ERROR:process_memory_win.cc(73)] ReadMemory at 0x2805b417ab0 of 58 bytes failed: Only part of a ReadProcessMemory or WriteProcessMemory request was completed. (0x12B)
[0527/002038.379:ERROR:process_memory_win.cc(73)] ReadMemory at 0x2805b417bb0 of 132 bytes failed: Only part of a ReadProcessMemory or WriteProcessMemory request was completed. (0x12B)
[0527/002038.379:ERROR:process_memory_win.cc(73)] ReadMemory at 0x2805b417d40 of 132 bytes failed: Only part of a ReadProcessMemory or WriteProcessMemory request was completed. (0x12B)
[0527/002038.383:ERROR:process_memory_win.cc(73)] ReadMemory at 0x2805b417f00 of 126 bytes failed: Only part of a ReadProcessMemory or WriteProcessMemory request was completed. (0x12B)
[0527/002038.383:ERROR:process_memory_win.cc(73)] ReadMemory at 0x2805b4182e0 of 132 bytes failed: Only part of a ReadProcessMemory or WriteProcessMemory request was completed. (0x12B)
[0527/002038.383:ERROR:process_memory_win.cc(73)] ReadMemory at 0x2805b418470 of 64 bytes failed: Only part of a ReadProcessMemory or WriteProcessMemory request was completed. (0x12B)
[0527/002038.383:ERROR:process_memory_win.cc(73)] ReadMemory at 0x2805b4184c0 of 132 bytes failed: Only part of a ReadProcessMemory or WriteProcessMemory request was completed. (0x12B)
[0527/002038.383:ERROR:process_memory_win.cc(73)] ReadMemory at 0x2805b418630 of 132 bytes failed: Only part of a ReadProcessMemory or WriteProcessMemory request was completed. (0x12B)
[0527/002038.383:ERROR:process_memory_win.cc(73)] ReadMemory at 0x2805b4188d0 of 132 bytes failed: Only part of a ReadProcessMemory or WriteProcessMemory request was completed. (0x12B)
[0527/002038.383:ERROR:process_memory_win.cc(73)] ReadMemory at 0x2805b418a60 of 68 bytes failed: Only part of a ReadProcessMemory or WriteProcessMemory request was completed. (0x12B)
[0527/002038.383:ERROR:process_memory_win.cc(73)] ReadMemory at 0x2805b419b90 of 132 bytes failed: Only part of a ReadProcessMemory or WriteProcessMemory request was completed. (0x12B)
[0527/002038.383:ERROR:process_memory_win.cc(73)] ReadMemory at 0x2805b419d20 of 154 bytes failed: Only part of a ReadProcessMemory or WriteProcessMemory request was completed. (0x12B)
[0527/002038.383:ERROR:process_memory_win.cc(73)] ReadMemory at 0x2805b41c560 of 62 bytes failed: Only part of a ReadProcessMemory or WriteProcessMemory request was completed. (0x12B)
[0527/002038.383:ERROR:process_memory_win.cc(73)] ReadMemory at 0x2805b41c5e0 of 146 bytes failed: Only part of a ReadProcessMemory or WriteProcessMemory request was completed. (0x12B)
[0527/002038.383:ERROR:process_memory_win.cc(73)] ReadMemory at 0x2805b41c6c0 of 132 bytes failed: Only part of a ReadProcessMemory or WriteProcessMemory request was completed. (0x12B)
[0527/002038.383:ERROR:process_memory_win.cc(73)] ReadMemory at 0x2805b41c850 of 60 bytes failed: Only part of a ReadProcessMemory or WriteProcessMemory request was completed. (0x12B)
[0527/002038.383:ERROR:process_memory_win.cc(73)] ReadMemory at 0x2805b41cb50 of 512 bytes failed: Only part of a ReadProcessMemory or WriteProcessMemory request was completed. (0x12B)
[0527/002038.383:ERROR:process_memory_win.cc(73)] ReadMemory at 0x2805b41d900 of 132 bytes failed: Only part of a ReadProcessMemory or WriteProcessMemory request was completed. (0x12B)
[0527/002038.383:ERROR:process_memory_win.cc(73)] ReadMemory at 0x2805b420e40 of 54 bytes failed: Only part of a ReadProcessMemory or WriteProcessMemory request was completed. (0x12B)
[0527/002038.383:ERROR:process_memory_win.cc(73)] ReadMemory at 0x2805b4214d0 of 132 bytes failed: Only part of a ReadProcessMemory or WriteProcessMemory request was completed. (0x12B)
[0527/002038.383:ERROR:process_memory_win.cc(73)] ReadMemory at 0x2805b421600 of 132 bytes failed: Only part of a ReadProcessMemory or WriteProcessMemory request was completed. (0x12B)
[0527/002038.383:ERROR:process_memory_win.cc(73)] ReadMemory at 0x2805b421990 of 132 bytes failed: Only part of a ReadProcessMemory or WriteProcessMemory request was completed. (0x12B)
[0527/002038.383:ERROR:process_memory_win.cc(73)] ReadMemory at 0x2805b421e50 of 132 bytes failed: Only part of a ReadProcessMemory or WriteProcessMemory request was completed. (0x12B)
[0527/002038.383:ERROR:process_memory_win.cc(73)] ReadMemory at 0x2805b421f80 of 132 bytes failed: Only part of a ReadProcessMemory or WriteProcessMemory request was completed. (0x12B)
[0527/002038.383:ERROR:process_memory_win.cc(73)] ReadMemory at 0x2805b422310 of 132 bytes failed: Only part of a ReadProcessMemory or WriteProcessMemory request was completed. (0x12B)
[0527/002038.383:ERROR:process_memory_win.cc(73)] ReadMemory at 0x2805b422570 of 132 bytes failed: Only part of a ReadProcessMemory or WriteProcessMemory request was completed. (0x12B)
[0527/002038.383:ERROR:process_memory_win.cc(73)] ReadMemory at 0x2805b4226a0 of 132 bytes failed: Only part of a ReadProcessMemory or WriteProcessMemory request was completed. (0x12B)
[0527/002038.383:ERROR:process_memory_win.cc(73)] ReadMemory at 0x2805b4227d0 of 132 bytes failed: Only part of a ReadProcessMemory or WriteProcessMemory request was completed. (0x12B)
[0527/002038.383:ERROR:process_memory_win.cc(73)] ReadMemory at 0x2805b422b60 of 132 bytes failed: Only part of a ReadProcessMemory or WriteProcessMemory request was completed. (0x12B)
[0527/002038.383:ERROR:process_memory_win.cc(73)] ReadMemory at 0x2805b4246e0 of 132 bytes failed: Only part of a ReadProcessMemory or WriteProcessMemory request was completed. (0x12B)
[0527/002038.383:ERROR:process_memory_win.cc(73)] ReadMemory at 0x2805b424a30 of 132 bytes failed: Only part of a ReadProcessMemory or WriteProcessMemory request was completed. (0x12B)
[0527/002038.388:ERROR:process_memory_win.cc(73)] ReadMemory at 0x2805b425e20 of 132 bytes failed: Only part of a ReadProcessMemory or WriteProcessMemory request was completed. (0x12B)
[0527/002038.388:ERROR:process_memory_win.cc(73)] ReadMemory at 0x2805b426040 of 132 bytes failed: Only part of a ReadProcessMemory or WriteProcessMemory request was completed. (0x12B)
[0527/002038.388:ERROR:process_memory_win.cc(73)] ReadMemory at 0x2805b4263a0 of 132 bytes failed: Only part of a ReadProcessMemory or WriteProcessMemory request was completed. (0x12B)
[0527/002038.388:ERROR:process_memory_win.cc(73)] ReadMemory at 0x2805b4265b0 of 132 bytes failed: Only part of a ReadProcessMemory or WriteProcessMemory request was completed. (0x12B)
[0527/002038.388:ERROR:process_memory_win.cc(73)] ReadMemory at 0x2805b428eb0 of 64 bytes failed: Only part of a ReadProcessMemory or WriteProcessMemory request was completed. (0x12B)
[0527/002038.388:ERROR:process_memory_win.cc(73)] ReadMemory at 0x2805b428f50 of 62 bytes failed: Only part of a ReadProcessMemory or WriteProcessMemory request was completed. (0x12B)
[0527/002038.388:ERROR:process_memory_win.cc(73)] ReadMemory at 0x2805b428fa0 of 62 bytes failed: Only part of a ReadProcessMemory or WriteProcessMemory request was completed. (0x12B)
[0527/002038.388:ERROR:process_memory_win.cc(73)] ReadMemory at 0x2805b428ff0 of 62 bytes failed: Only part of a ReadProcessMemory or WriteProcessMemory request was completed. (0x12B)
[0527/002038.388:ERROR:process_memory_win.cc(73)] ReadMemory at 0x2805b429130 of 60 bytes failed: Only part of a ReadProcessMemory or WriteProcessMemory request was completed. (0x12B)
[0527/002038.388:ERROR:process_memory_win.cc(73)] ReadMemory at 0x2805b429180 of 58 bytes failed: Only part of a ReadProcessMemory or WriteProcessMemory request was completed. (0x12B)
[0527/002038.388:ERROR:process_memory_win.cc(73)] ReadMemory at 0x2805b4291d0 of 60 bytes failed: Only part of a ReadProcessMemory or WriteProcessMemory request was completed. (0x12B)
[0527/002038.388:ERROR:process_memory_win.cc(73)] ReadMemory at 0x2805b429220 of 62 bytes failed: Only part of a ReadProcessMemory or WriteProcessMemory request was completed. (0x12B)
[0527/002038.388:ERROR:process_memory_win.cc(73)] ReadMemory at 0x2805b429270 of 62 bytes failed: Only part of a ReadProcessMemory or WriteProcessMemory request was completed. (0x12B)
[0527/002038.388:ERROR:process_memory_win.cc(73)] ReadMemory at 0x2805b4293b0 of 64 bytes failed: Only part of a ReadProcessMemory or WriteProcessMemory request was completed. (0x12B)
[0527/002038.388:ERROR:process_memory_win.cc(73)] ReadMemory at 0x2805b429400 of 62 bytes failed: Only part of a ReadProcessMemory or WriteProcessMemory request was completed. (0x12B)
[0527/002038.388:ERROR:process_memory_win.cc(73)] ReadMemory at 0x2805b429450 of 60 bytes failed: Only part of a ReadProcessMemory or WriteProcessMemory request was completed. (0x12B)
[0527/002038.388:ERROR:process_memory_win.cc(73)] ReadMemory at 0x2805b4295e0 of 60 bytes failed: Only part of a ReadProcessMemory or WriteProcessMemory request was completed. (0x12B)
[0527/002038.388:ERROR:process_memory_win.cc(73)] ReadMemory at 0x2805b429680 of 62 bytes failed: Only part of a ReadProcessMemory or WriteProcessMemory request was completed. (0x12B)
[0527/002038.388:ERROR:process_memory_win.cc(73)] ReadMemory at 0x2805b4296d0 of 62 bytes failed: Only part of a ReadProcessMemory or WriteProcessMemory request was completed. (0x12B)
[0527/002038.388:ERROR:process_memory_win.cc(73)] ReadMemory at 0x2805b429720 of 64 bytes failed: Only part of a ReadProcessMemory or WriteProcessMemory request was completed. (0x12B)
[0527/002038.388:ERROR:process_memory_win.cc(73)] ReadMemory at 0x2805b429810 of 66 bytes failed: Only part of a ReadProcessMemory or WriteProcessMemory request was completed. (0x12B)
[0527/002038.388:ERROR:process_memory_win.cc(73)] ReadMemory at 0x2805b4298b0 of 64 bytes failed: Only part of a ReadProcessMemory or WriteProcessMemory request was completed. (0x12B)
[0527/002038.388:ERROR:process_memory_win.cc(73)] ReadMemory at 0x2805b429900 of 62 bytes failed: Only part of a ReadProcessMemory or WriteProcessMemory request was completed. (0x12B)
[0527/002038.388:ERROR:process_memory_win.cc(73)] ReadMemory at 0x2805b4299f0 of 64 bytes failed: Only part of a ReadProcessMemory or WriteProcessMemory request was completed. (0x12B)
[0527/002038.388:ERROR:process_memory_win.cc(73)] ReadMemory at 0x2805b429a40 of 64 bytes failed: Only part of a ReadProcessMemory or WriteProcessMemory request was completed. (0x12B)
[0527/002038.388:ERROR:process_memory_win.cc(73)] ReadMemory at 0x2805b429ae0 of 66 bytes failed: Only part of a ReadProcessMemory or WriteProcessMemory request was completed. (0x12B)
[0527/002038.388:ERROR:process_memory_win.cc(73)] ReadMemory at 0x2805b429b80 of 62 bytes failed: Only part of a ReadProcessMemory or WriteProcessMemory request was completed. (0x12B)
[0527/002038.388:ERROR:process_memory_win.cc(73)] ReadMemory at 0x2805b429c20 of 64 bytes failed: Only part of a ReadProcessMemory or WriteProcessMemory request was completed. (0x12B)
[0527/002038.388:ERROR:process_memory_win.cc(73)] ReadMemory at 0x2805b429d10 of 60 bytes failed: Only part of a ReadProcessMemory or WriteProcessMemory request was completed. (0x12B)
[0527/002038.388:ERROR:process_memory_win.cc(73)] ReadMemory at 0x2805b429db0 of 60 bytes failed: Only part of a ReadProcessMemory or WriteProcessMemory request was completed. (0x12B)
[0527/002038.388:ERROR:process_memory_win.cc(73)] ReadMemory at 0x2805b429e00 of 64 bytes failed: Only part of a ReadProcessMemory or WriteProcessMemory request was completed. (0x12B)
[0527/002038.388:ERROR:process_memory_win.cc(73)] ReadMemory at 0x2805b429f80 of 132 bytes failed: Only part of a ReadProcessMemory or WriteProcessMemory request was completed. (0x12B)
[0527/002038.388:ERROR:process_memory_win.cc(73)] ReadMemory at 0x2805b42a750 of 132 bytes failed: Only part of a ReadProcessMemory or WriteProcessMemory request was completed. (0x12B)
[0527/002038.388:ERROR:process_memory_win.cc(73)] ReadMemory at 0x2805b42af90 of 132 bytes failed: Only part of a ReadProcessMemory or WriteProcessMemory request was completed. (0x12B)
[0527/002038.388:ERROR:process_memory_win.cc(73)] ReadMemory at 0x2805b42b0c0 of 132 bytes failed: Only part of a ReadProcessMemory or WriteProcessMemory request was completed. (0x12B)
[0527/002038.388:ERROR:process_memory_win.cc(73)] ReadMemory at 0x2805b42b1f0 of 132 bytes failed: Only part of a ReadProcessMemory or WriteProcessMemory request was completed. (0x12B)
[0527/002038.388:ERROR:process_memory_win.cc(73)] ReadMemory at 0x2805b42b320 of 132 bytes failed: Only part of a ReadProcessMemory or WriteProcessMemory request was completed. (0x12B)
[0527/002038.388:ERROR:process_memory_win.cc(73)] ReadMemory at 0x2805b42b450 of 132 bytes failed: Only part of a ReadProcessMemory or WriteProcessMemory request was completed. (0x12B)
[0527/002038.392:ERROR:process_memory_win.cc(73)] ReadMemory at 0x2805b42b580 of 132 bytes failed: Only part of a ReadProcessMemory or WriteProcessMemory request was completed. (0x12B)
[0527/002038.392:ERROR:process_memory_win.cc(73)] ReadMemory at 0x2805b42b6b0 of 132 bytes failed: Only part of a ReadProcessMemory or WriteProcessMemory request was completed. (0x12B)
[0527/002038.392:ERROR:process_memory_win.cc(73)] ReadMemory at 0x2805b42b7e0 of 132 bytes failed: Only part of a ReadProcessMemory or WriteProcessMemory request was completed. (0x12B)
[0527/002038.392:ERROR:process_memory_win.cc(73)] ReadMemory at 0x2805b42b910 of 132 bytes failed: Only part of a ReadProcessMemory or WriteProcessMemory request was completed. (0x12B)
[0527/002038.392:ERROR:process_memory_win.cc(73)] ReadMemory at 0x2805b42ba40 of 132 bytes failed: Only part of a ReadProcessMemory or WriteProcessMemory request was completed. (0x12B)
[0527/002038.437:ERROR:process_memory_win.cc(73)] ReadMemory at 0x2805b42bb70 of 132 bytes failed: Only part of a ReadProcessMemory or WriteProcessMemory request was completed. (0x12B)
[0527/002038.437:ERROR:process_memory_win.cc(73)] ReadMemory at 0x2805b42bdd0 of 132 bytes failed: Only part of a ReadProcessMemory or WriteProcessMemory request was completed. (0x12B)
[0527/002038.437:ERROR:process_memory_win.cc(73)] ReadMemory at 0x2805b42eaa0 of 80 bytes failed: Only part of a ReadProcessMemory or WriteProcessMemory request was completed. (0x12B)
[0527/002038.437:ERROR:process_memory_win.cc(73)] ReadMemory at 0x2805b42ebc0 of 76 bytes failed: Only part of a ReadProcessMemory or WriteProcessMemory request was completed. (0x12B)
[0527/002038.437:ERROR:process_memory_win.cc(73)] ReadMemory at 0x2805b448a70 of 512 bytes failed: Only part of a ReadProcessMemory or WriteProcessMemory request was completed. (0x12B)
[0527/002038.437:ERROR:process_memory_win.cc(73)] ReadMemory at 0x2805b6c0d00 of 512 bytes failed: Only part of a ReadProcessMemory or WriteProcessMemory request was completed. (0x12B)
[0527/002038.437:ERROR:process_memory_win.cc(73)] ReadMemory at 0x2805b6e0000 of 384 bytes failed: Only part of a ReadProcessMemory or WriteProcessMemory request was completed. (0x12B)
[0527/002038.437:ERROR:process_memory_win.cc(73)] ReadMemory at 0x2805bc858a0 of 512 bytes failed: Only part of a ReadProcessMemory or WriteProcessMemory request was completed. (0x12B)
[0527/002038.437:ERROR:process_memory_win.cc(73)] ReadMemory at 0x2805bc922f0 of 712 bytes failed: Only part of a ReadProcessMemory or WriteProcessMemory request was completed. (0x12B)
[0527/002038.437:ERROR:process_memory_win.cc(73)] ReadMemory at 0x2805bd370f0 of 512 bytes failed: Only part of a ReadProcessMemory or WriteProcessMemory request was completed. (0x12B)
[0527/002038.437:ERROR:process_memory_win.cc(73)] ReadMemory at 0x2805bd37f60 of 512 bytes failed: Only part of a ReadProcessMemory or WriteProcessMemory request was completed. (0x12B)
[0527/002038.437:ERROR:process_memory_win.cc(73)] ReadMemory at 0x2805d3efcb0 of 512 bytes failed: Only part of a ReadProcessMemory or WriteProcessMemory request was completed. (0x12B)
[0527/002038.437:ERROR:process_memory_win.cc(73)] ReadMemory at 0x2805d406da0 of 512 bytes failed: Only part of a ReadProcessMemory or WriteProcessMemory request was completed. (0x12B)
[0527/002038.437:ERROR:process_memory_win.cc(73)] ReadMemory at 0x2805edf7c00 of 512 bytes failed: Only part of a ReadProcessMemory or WriteProcessMemory request was completed. (0x12B)
[0527/002038.437:ERROR:process_memory_win.cc(73)] ReadMemory at 0x2806036a050 of 512 bytes failed: Only part of a ReadProcessMemory or WriteProcessMemory request was completed. (0x12B)
[0527/002038.437:ERROR:process_memory_win.cc(73)] ReadMemory at 0x28062fe1180 of 800 bytes failed: Only part of a ReadProcessMemory or WriteProcessMemory request was completed. (0x12B)
[0527/002038.437:ERROR:process_memory_win.cc(73)] ReadMemory at 0x280666493e0 of 512 bytes failed: Only part of a ReadProcessMemory or WriteProcessMemory request was completed. (0x12B)
[0527/002038.437:ERROR:process_memory_win.cc(73)] ReadMemory at 0x5c976bcff80 of 128 bytes failed: Only part of a ReadProcessMemory or WriteProcessMemory request was completed. (0x12B)
[0527/002038.437:ERROR:process_memory_win.cc(73)] ReadMemory at 0x4d9f08677625 of 512 bytes failed: Only part of a ReadProcessMemory or WriteProcessMemory request was completed. (0x12B)
[0527/002038.437:ERROR:process_memory_win.cc(73)] ReadMemory at 0x7ffced34453c of 512 bytes failed: Only part of a ReadProcessMemory or WriteProcessMemory request was completed. (0x12B)
[0527/002038.441:ERROR:process_memory_win.cc(73)] ReadMemory at 0x7ffcf53b7a55 of 512 bytes failed: Only part of a ReadProcessMemory or WriteProcessMemory request was completed. (0x12B)
[0527/002038.441:ERROR:process_memory_win.cc(73)] ReadMemory at 0x7ffcf53b8245 of 512 bytes failed: Only part of a ReadProcessMemory or WriteProcessMemory request was completed. (0x12B)
[0527/002038.441:ERROR:process_memory_win.cc(73)] ReadMemory at 0x7ffd304e0753 of 512 bytes failed: Only part of a ReadProcessMemory or WriteProcessMemory request was completed. (0x12B)
[0527/002038.441:ERROR:process_memory_win.cc(73)] ReadMemory at 0x7ffd3053c074 of 672 bytes failed: Only part of a ReadProcessMemory or WriteProcessMemory request was completed. (0x12B)
[0527/002038.441:ERROR:process_memory_win.cc(73)] ReadMemory at 0x7ffd3053f924 of 608 bytes failed: Only part of a ReadProcessMemory or WriteProcessMemory request was completed. (0x12B)
[0527/002038.442:ERROR:process_memory_win.cc(73)] ReadMemory at 0x7ffd305cc428 of 18 bytes failed: Only part of a ReadProcessMemory or WriteProcessMemory request was completed. (0x12B)
[0527/002038.442:ERROR:process_memory_win.cc(73)] ReadMemory at 0x7ffd305ff4f8 of 40 bytes failed: Only part of a ReadProcessMemory or WriteProcessMemory request was completed. (0x12B)
[0527/002038.442:ERROR:process_memory_win.cc(73)] ReadMemory at 0x7ffd305ff978 of 48 bytes failed: Only part of a ReadProcessMemory or WriteProcessMemory request was completed. (0x12B)
[0527/002038.442:ERROR:process_memory_win.cc(73)] ReadMemory at 0x7ffd306053c0 of 64 bytes failed: Only part of a ReadProcessMemory or WriteProcessMemory request was completed. (0x12B)
[0527/002038.447:ERROR:scoped_process_suspend.cc(40)] NtResumeProcess: An attempt was made to access an exiting process. (0xc000010a)
[0814/211848.402:ERROR:crash_report_database_win.cc(428)] unexpected header
